[debug] [2024-03-04T13:06:21.172Z] ----------------------------------------------------------------------
[debug] [2024-03-04T13:06:21.175Z] Command:       C:\Program Files\nodejs\node.exe C:\Users\User\AppData\Roaming\npm\node_modules\firebase-tools\lib\bin\firebase.js init functions
[debug] [2024-03-04T13:06:21.176Z] CLI Version:   13.4.0
[debug] [2024-03-04T13:06:21.176Z] Platform:      win32
[debug] [2024-03-04T13:06:21.176Z] Node Version:  v18.17.1
[debug] [2024-03-04T13:06:21.178Z] Time:          Mon Mar 04 2024 18:06:21 GMT+0500 (Uzbekistan Standard Time)
[debug] [2024-03-04T13:06:21.178Z] ----------------------------------------------------------------------
[debug] 
[debug] [2024-03-04T13:06:21.188Z] > command requires scopes: ["email","openid","https://www.googleapis.com/auth/cloudplatformprojects.readonly","https://www.googleapis.com/auth/firebase","https://www.googleapis.com/auth/cloud-platform"]
[debug] [2024-03-04T13:06:21.190Z] > authorizing via signed-in user (latipovkamran1@gmail.com)
[info] 
     ######## #### ########  ######## ########     ###     ######  ########
     ##        ##  ##     ## ##       ##     ##  ##   ##  ##       ##
     ######    ##  ########  ######   ########  #########  ######  ######
     ##        ##  ##    ##  ##       ##     ## ##     ##       ## ##
     ##       #### ##     ## ######## ########  ##     ##  ######  ########

You're about to initialize a Firebase project in this directory:

  C:\Users\User\Desktop\next

[info] 
=== Project Setup
[info] 
[info] First, let's associate this project directory with a Firebase project.
[info] You can create multiple project aliases by running firebase use --add, 
[info] but for now we'll just set up a default project.
[info] 
[debug] [2024-03-04T13:06:35.658Z] >>> [apiv2][query] GET https://firebase.googleapis.com/v1beta1/projects pageSize=100
[debug] [2024-03-04T13:06:36.397Z] <<< [apiv2][status] GET https://firebase.googleapis.com/v1beta1/projects 200
[debug] [2024-03-04T13:06:36.397Z] <<< [apiv2][body] GET https://firebase.googleapis.com/v1beta1/projects [omitted]
[info] i  Using project flexibble-4943a (flexibble) 
[info] 
=== Functions Setup
[debug] [2024-03-04T13:06:37.830Z] > command requires scopes: ["email","openid","https://www.googleapis.com/auth/cloudplatformprojects.readonly","https://www.googleapis.com/auth/firebase","https://www.googleapis.com/auth/cloud-platform"]
[debug] [2024-03-04T13:06:37.831Z] > authorizing via signed-in user (latipovkamran1@gmail.com)
[debug] [2024-03-04T13:06:37.831Z] [iam] checking project flexibble-4943a for permissions ["firebase.projects.get"]
[debug] [2024-03-04T13:06:37.831Z] >>> [apiv2][query] POST https://cloudresourcemanager.googleapis.com/v1/projects/flexibble-4943a:testIamPermissions [none]
[debug] [2024-03-04T13:06:37.831Z] >>> [apiv2][(partial)header] POST https://cloudresourcemanager.googleapis.com/v1/projects/flexibble-4943a:testIamPermissions x-goog-quota-user=projects/flexibble-4943a
[debug] [2024-03-04T13:06:37.832Z] >>> [apiv2][body] POST https://cloudresourcemanager.googleapis.com/v1/projects/flexibble-4943a:testIamPermissions {"permissions":["firebase.projects.get"]}
[debug] [2024-03-04T13:06:38.916Z] <<< [apiv2][status] POST https://cloudresourcemanager.googleapis.com/v1/projects/flexibble-4943a:testIamPermissions 200
[debug] [2024-03-04T13:06:38.917Z] <<< [apiv2][body] POST https://cloudresourcemanager.googleapis.com/v1/projects/flexibble-4943a:testIamPermissions {"permissions":["firebase.projects.get"]}
[debug] [2024-03-04T13:06:38.919Z] >>> [apiv2][query] GET https://serviceusage.googleapis.com/v1/projects/flexibble-4943a/services/cloudfunctions.googleapis.com [none]
[debug] [2024-03-04T13:06:38.919Z] >>> [apiv2][(partial)header] GET https://serviceusage.googleapis.com/v1/projects/flexibble-4943a/services/cloudfunctions.googleapis.com x-goog-quota-user=projects/flexibble-4943a
[debug] [2024-03-04T13:06:38.921Z] >>> [apiv2][query] GET https://serviceusage.googleapis.com/v1/projects/flexibble-4943a/services/runtimeconfig.googleapis.com [none]
[debug] [2024-03-04T13:06:38.921Z] >>> [apiv2][(partial)header] GET https://serviceusage.googleapis.com/v1/projects/flexibble-4943a/services/runtimeconfig.googleapis.com x-goog-quota-user=projects/flexibble-4943a
[debug] [2024-03-04T13:06:40.157Z] <<< [apiv2][status] GET https://serviceusage.googleapis.com/v1/projects/flexibble-4943a/services/cloudfunctions.googleapis.com 200
[debug] [2024-03-04T13:06:40.158Z] <<< [apiv2][body] GET https://serviceusage.googleapis.com/v1/projects/flexibble-4943a/services/cloudfunctions.googleapis.com [omitted]
[debug] [2024-03-04T13:06:40.159Z] >>> [apiv2][query] POST https://serviceusage.googleapis.com/v1/projects/flexibble-4943a/services/cloudfunctions.googleapis.com:enable [none]
[debug] [2024-03-04T13:06:40.159Z] >>> [apiv2][(partial)header] POST https://serviceusage.googleapis.com/v1/projects/flexibble-4943a/services/cloudfunctions.googleapis.com:enable x-goog-quota-user=projects/flexibble-4943a
[debug] [2024-03-04T13:06:40.214Z] <<< [apiv2][status] GET https://serviceusage.googleapis.com/v1/projects/flexibble-4943a/services/runtimeconfig.googleapis.com 200
[debug] [2024-03-04T13:06:40.215Z] <<< [apiv2][body] GET https://serviceusage.googleapis.com/v1/projects/flexibble-4943a/services/runtimeconfig.googleapis.com [omitted]
[debug] [2024-03-04T13:06:41.969Z] <<< [apiv2][status] POST https://serviceusage.googleapis.com/v1/projects/flexibble-4943a/services/cloudfunctions.googleapis.com:enable 200
[debug] [2024-03-04T13:06:41.969Z] <<< [apiv2][body] POST https://serviceusage.googleapis.com/v1/projects/flexibble-4943a/services/cloudfunctions.googleapis.com:enable [omitted]
[debug] [2024-03-04T13:06:51.980Z] >>> [apiv2][query] GET https://serviceusage.googleapis.com/v1/projects/flexibble-4943a/services/cloudfunctions.googleapis.com [none]
[debug] [2024-03-04T13:06:51.980Z] >>> [apiv2][(partial)header] GET https://serviceusage.googleapis.com/v1/projects/flexibble-4943a/services/cloudfunctions.googleapis.com x-goog-quota-user=projects/flexibble-4943a
[debug] [2024-03-04T13:06:53.076Z] <<< [apiv2][status] GET https://serviceusage.googleapis.com/v1/projects/flexibble-4943a/services/cloudfunctions.googleapis.com 200
[debug] [2024-03-04T13:06:53.076Z] <<< [apiv2][body] GET https://serviceusage.googleapis.com/v1/projects/flexibble-4943a/services/cloudfunctions.googleapis.com [omitted]
[info] Let's create a new codebase for your functions.
[info] A directory corresponding to the codebase will be created in your project
[info] with sample code pre-configured.

[info] See https://firebase.google.com/docs/functions/organize-functions for
[info] more information on organizing your functions using codebases.

[info] Functions can be deployed with firebase deploy.

[info] +  Wrote functions/package.json 
[info] +  Wrote functions/tsconfig.json 
[info] +  Wrote functions/src/index.ts 
[info] +  Wrote functions/.gitignore 
